<?xml version="1.0" encoding="UTF-8"?>
<robot generator="Robot 7.3.2 (Python 3.14.0 on darwin)" generated="2025-11-17T23:44:05.387939" rpa="false" schemaversion="5">
<suite id="s1" name="Tests" source="/Users/nooa/Desktop/ohtu2025/ohtu-palautusrepositorio/viikko3/login/src/tests">
<suite id="s1-s1" name="Home" source="/Users/nooa/Desktop/ohtu2025/ohtu-palautusrepositorio/viikko3/login/src/tests/home.robot">
<kw name="Open And Configure Browser" owner="resource" type="SETUP">
<if>
<branch type="IF" condition="$BROWSER == 'chrome'">
<kw name="Evaluate" owner="BuiltIn">
<msg time="2025-11-17T23:44:05.515547" level="INFO">${options} = &lt;selenium.webdriver.chrome.options.Options object at 0x10b8a8c20&gt;</msg>
<var>${options}</var>
<arg>sys.modules['selenium.webdriver'].ChromeOptions()</arg>
<arg>sys</arg>
<doc>Evaluates the given expression in Python and returns the result.</doc>
<status status="PASS" start="2025-11-17T23:44:05.515405" elapsed="0.000161"/>
</kw>
<kw name="Call Method" owner="BuiltIn">
<arg>${options}</arg>
<arg>add_argument</arg>
<arg>--incognito</arg>
<doc>Calls the named method of the given object with the provided arguments.</doc>
<status status="PASS" start="2025-11-17T23:44:05.515635" elapsed="0.000062"/>
</kw>
<status status="PASS" start="2025-11-17T23:44:05.515093" elapsed="0.000629"/>
</branch>
<branch type="ELSE IF" condition="$BROWSER == 'firefox'">
<kw name="Evaluate" owner="BuiltIn">
<var>${options}</var>
<arg>sys.modules['selenium.webdriver'].FirefoxOptions()</arg>
<arg>sys</arg>
<doc>Evaluates the given expression in Python and returns the result.</doc>
<status status="NOT RUN" start="2025-11-17T23:44:05.515787" elapsed="0.000011"/>
</kw>
<kw name="Call Method" owner="BuiltIn">
<arg>${options}</arg>
<arg>add_argument</arg>
<arg>--private-window</arg>
<doc>Calls the named method of the given object with the provided arguments.</doc>
<status status="NOT RUN" start="2025-11-17T23:44:05.515836" elapsed="0.000010"/>
</kw>
<status status="NOT RUN" start="2025-11-17T23:44:05.515744" elapsed="0.000119"/>
</branch>
<status status="PASS" start="2025-11-17T23:44:05.515079" elapsed="0.000800"/>
</if>
<if>
<branch type="IF" condition="$HEADLESS == 'true'">
<kw name="Set Selenium Speed" owner="SeleniumLibrary">
<arg>0.05 seconds</arg>
<doc>Sets the delay that is waited after each Selenium command.</doc>
<status status="NOT RUN" start="2025-11-17T23:44:05.515973" elapsed="0.000011"/>
</kw>
<kw name="Call Method" owner="BuiltIn">
<arg>${options}</arg>
<arg>add_argument</arg>
<arg>--headless</arg>
<doc>Calls the named method of the given object with the provided arguments.</doc>
<status status="NOT RUN" start="2025-11-17T23:44:05.516018" elapsed="0.000010"/>
</kw>
<status status="NOT RUN" start="2025-11-17T23:44:05.515904" elapsed="0.000141"/>
</branch>
<branch type="ELSE">
<kw name="Set Selenium Speed" owner="SeleniumLibrary">
<arg>${DELAY}</arg>
<doc>Sets the delay that is waited after each Selenium command.</doc>
<status status="PASS" start="2025-11-17T23:44:05.516094" elapsed="0.000096"/>
</kw>
<status status="PASS" start="2025-11-17T23:44:05.516058" elapsed="0.000151"/>
</branch>
<status status="PASS" start="2025-11-17T23:44:05.515897" elapsed="0.000327"/>
</if>
<kw name="Open Browser" owner="SeleniumLibrary">
<msg time="2025-11-17T23:44:05.516369" level="INFO">Opening browser 'chrome' to base url 'None'.</msg>
<arg>browser=${BROWSER}</arg>
<arg>options=${options}</arg>
<doc>Opens a new browser instance to the optional ``url``.</doc>
<status status="PASS" start="2025-11-17T23:44:05.516265" elapsed="1.843692"/>
</kw>
<status status="PASS" start="2025-11-17T23:44:05.514989" elapsed="1.845205"/>
</kw>
<test id="s1-s1-t1" name="Click Login Link" line="8">
<kw name="Reset Application And Go To Starting Page" type="SETUP">
<kw name="Reset Application" owner="AppLibrary">
<status status="PASS" start="2025-11-17T23:44:07.360954" elapsed="0.006824"/>
</kw>
<kw name="Go To Starting Page" owner="resource">
<kw name="Go To" owner="SeleniumLibrary">
<msg time="2025-11-17T23:44:07.368121" level="INFO">Opening url 'http://localhost:5001'</msg>
<arg>${HOME_URL}</arg>
<doc>Navigates the current browser window to the provided ``url``.</doc>
<status status="PASS" start="2025-11-17T23:44:07.368033" elapsed="1.819663"/>
</kw>
<status status="PASS" start="2025-11-17T23:44:07.367891" elapsed="1.820372"/>
</kw>
<status status="PASS" start="2025-11-17T23:44:07.360770" elapsed="1.827687"/>
</kw>
<kw name="Click Link" owner="SeleniumLibrary">
<msg time="2025-11-17T23:44:09.191017" level="INFO">Clicking link 'Login'.</msg>
<arg>Login</arg>
<doc>Clicks a link identified by ``locator``.</doc>
<status status="PASS" start="2025-11-17T23:44:09.189268" elapsed="1.659766"/>
</kw>
<kw name="Login Page Should Be Open" owner="resource">
<kw name="Title Should Be" owner="SeleniumLibrary">
<msg time="2025-11-17T23:44:11.363516" level="INFO">Page title is 'Login'.</msg>
<arg>Login</arg>
<doc>Verifies that the current page title equals ``title``.</doc>
<status status="PASS" start="2025-11-17T23:44:10.849986" elapsed="0.513873"/>
</kw>
<status status="PASS" start="2025-11-17T23:44:10.849555" elapsed="0.514552"/>
</kw>
<status status="PASS" start="2025-11-17T23:44:07.360319" elapsed="4.004341"/>
</test>
<test id="s1-s1-t2" name="Click Register Link" line="12">
<kw name="Reset Application And Go To Starting Page" type="SETUP">
<kw name="Reset Application" owner="AppLibrary">
<status status="PASS" start="2025-11-17T23:44:11.366693" elapsed="0.006431"/>
</kw>
<kw name="Go To Starting Page" owner="resource">
<kw name="Go To" owner="SeleniumLibrary">
<msg time="2025-11-17T23:44:11.374194" level="INFO">Opening url 'http://localhost:5001'</msg>
<arg>${HOME_URL}</arg>
<doc>Navigates the current browser window to the provided ``url``.</doc>
<status status="PASS" start="2025-11-17T23:44:11.373956" elapsed="0.527273"/>
</kw>
<status status="PASS" start="2025-11-17T23:44:11.373508" elapsed="0.527944"/>
</kw>
<status status="PASS" start="2025-11-17T23:44:11.366205" elapsed="0.535345"/>
</kw>
<kw name="Click Link" owner="SeleniumLibrary">
<msg time="2025-11-17T23:44:11.902221" level="INFO">Clicking link 'Register new user'.</msg>
<arg>Register new user</arg>
<doc>Clicks a link identified by ``locator``.</doc>
<status status="PASS" start="2025-11-17T23:44:11.901885" elapsed="2.633994"/>
</kw>
<kw name="Register Page Should Be Open" owner="resource">
<kw name="Title Should Be" owner="SeleniumLibrary">
<msg time="2025-11-17T23:44:15.051138" level="INFO">Page title is 'Register'.</msg>
<arg>Register</arg>
<doc>Verifies that the current page title equals ``title``.</doc>
<status status="PASS" start="2025-11-17T23:44:14.537597" elapsed="0.513926"/>
</kw>
<status status="PASS" start="2025-11-17T23:44:14.536837" elapsed="0.515271"/>
</kw>
<status status="PASS" start="2025-11-17T23:44:11.365537" elapsed="3.687113"/>
</test>
<kw name="Close Browser" owner="SeleniumLibrary" type="TEARDOWN">
<doc>Closes the current browser.</doc>
<status status="PASS" start="2025-11-17T23:44:15.053959" elapsed="0.596034"/>
</kw>
<status status="PASS" start="2025-11-17T23:44:05.402389" elapsed="10.247719"/>
</suite>
<suite id="s1-s2" name="Login" source="/Users/nooa/Desktop/ohtu2025/ohtu-palautusrepositorio/viikko3/login/src/tests/login.robot">
<kw name="Open And Configure Browser" owner="resource" type="SETUP">
<if>
<branch type="IF" condition="$BROWSER == 'chrome'">
<kw name="Evaluate" owner="BuiltIn">
<msg time="2025-11-17T23:44:15.654702" level="INFO">${options} = &lt;selenium.webdriver.chrome.options.Options object at 0x10af7bc50&gt;</msg>
<var>${options}</var>
<arg>sys.modules['selenium.webdriver'].ChromeOptions()</arg>
<arg>sys</arg>
<doc>Evaluates the given expression in Python and returns the result.</doc>
<status status="PASS" start="2025-11-17T23:44:15.654414" elapsed="0.000319"/>
</kw>
<kw name="Call Method" owner="BuiltIn">
<arg>${options}</arg>
<arg>add_argument</arg>
<arg>--incognito</arg>
<doc>Calls the named method of the given object with the provided arguments.</doc>
<status status="PASS" start="2025-11-17T23:44:15.654835" elapsed="0.000112"/>
</kw>
<status status="PASS" start="2025-11-17T23:44:15.654084" elapsed="0.000904"/>
</branch>
<branch type="ELSE IF" condition="$BROWSER == 'firefox'">
<kw name="Evaluate" owner="BuiltIn">
<var>${options}</var>
<arg>sys.modules['selenium.webdriver'].FirefoxOptions()</arg>
<arg>sys</arg>
<doc>Evaluates the given expression in Python and returns the result.</doc>
<status status="NOT RUN" start="2025-11-17T23:44:15.655140" elapsed="0.000022"/>
</kw>
<kw name="Call Method" owner="BuiltIn">
<arg>${options}</arg>
<arg>add_argument</arg>
<arg>--private-window</arg>
<doc>Calls the named method of the given object with the provided arguments.</doc>
<status status="NOT RUN" start="2025-11-17T23:44:15.655238" elapsed="0.000019"/>
</kw>
<status status="NOT RUN" start="2025-11-17T23:44:15.655056" elapsed="0.000235"/>
</branch>
<status status="PASS" start="2025-11-17T23:44:15.654049" elapsed="0.001271"/>
</if>
<if>
<branch type="IF" condition="$HEADLESS == 'true'">
<kw name="Set Selenium Speed" owner="SeleniumLibrary">
<arg>0.05 seconds</arg>
<doc>Sets the delay that is waited after each Selenium command.</doc>
<status status="NOT RUN" start="2025-11-17T23:44:15.655512" elapsed="0.000021"/>
</kw>
<kw name="Call Method" owner="BuiltIn">
<arg>${options}</arg>
<arg>add_argument</arg>
<arg>--headless</arg>
<doc>Calls the named method of the given object with the provided arguments.</doc>
<status status="NOT RUN" start="2025-11-17T23:44:15.655602" elapsed="0.000022"/>
</kw>
<status status="NOT RUN" start="2025-11-17T23:44:15.655367" elapsed="0.000293"/>
</branch>
<branch type="ELSE">
<kw name="Set Selenium Speed" owner="SeleniumLibrary">
<arg>${DELAY}</arg>
<doc>Sets the delay that is waited after each Selenium command.</doc>
<status status="PASS" start="2025-11-17T23:44:15.655758" elapsed="0.000240"/>
</kw>
<status status="PASS" start="2025-11-17T23:44:15.655688" elapsed="0.000350"/>
</branch>
<status status="PASS" start="2025-11-17T23:44:15.655354" elapsed="0.000714"/>
</if>
<kw name="Open Browser" owner="SeleniumLibrary">
<msg time="2025-11-17T23:44:15.656400" level="INFO">Opening browser 'chrome' to base url 'None'.</msg>
<arg>browser=${BROWSER}</arg>
<arg>options=${options}</arg>
<doc>Opens a new browser instance to the optional ``url``.</doc>
<status status="PASS" start="2025-11-17T23:44:15.656167" elapsed="0.702229"/>
</kw>
<status status="PASS" start="2025-11-17T23:44:15.653903" elapsed="0.704710"/>
</kw>
<test id="s1-s2-t1" name="Login With Correct Credentials" line="8">
<kw name="Reset Application Create User And Go To Login Page" type="SETUP">
<kw name="Reset Application" owner="AppLibrary">
<status status="PASS" start="2025-11-17T23:44:16.359707" elapsed="0.002577"/>
</kw>
<kw name="Create User" owner="AppLibrary">
<arg>kalle</arg>
<arg>kalle123</arg>
<status status="PASS" start="2025-11-17T23:44:16.362405" elapsed="1.793179"/>
</kw>
<kw name="Go To Login Page" owner="resource">
<kw name="Go To" owner="SeleniumLibrary">
<msg time="2025-11-17T23:44:18.157028" level="INFO">Opening url 'http://localhost:5001/login'</msg>
<arg>${LOGIN_URL}</arg>
<doc>Navigates the current browser window to the provided ``url``.</doc>
<status status="PASS" start="2025-11-17T23:44:18.156733" elapsed="0.537148"/>
</kw>
<status status="PASS" start="2025-11-17T23:44:18.156156" elapsed="0.538185"/>
</kw>
<status status="PASS" start="2025-11-17T23:44:16.359448" elapsed="2.335070"/>
</kw>
<kw name="Set Username">
<kw name="Wait Until Element Is Visible" owner="SeleniumLibrary">
<arg>id=username</arg>
<arg>10s</arg>
<doc>Waits until the element ``locator`` is visible.</doc>
<status status="PASS" start="2025-11-17T23:44:18.696402" elapsed="1.045202"/>
</kw>
<kw name="Input Text" owner="SeleniumLibrary">
<msg time="2025-11-17T23:44:19.743185" level="INFO">Typing text 'kalle' into text field 'id=username'.</msg>
<arg>id=username</arg>
<arg>${username}</arg>
<doc>Types the given ``text`` into the text field identified by ``locator``.</doc>
<status status="PASS" start="2025-11-17T23:44:19.742327" elapsed="1.664829"/>
</kw>
<arg>kalle</arg>
<status status="PASS" start="2025-11-17T23:44:18.695384" elapsed="2.712271"/>
</kw>
<kw name="Set Password">
<kw name="Wait Until Element Is Visible" owner="SeleniumLibrary">
<arg>id=password</arg>
<arg>10s</arg>
<doc>Waits until the element ``locator`` is visible.</doc>
<status status="PASS" start="2025-11-17T23:44:21.409595" elapsed="1.031898"/>
</kw>
<kw name="Input Password" owner="SeleniumLibrary">
<msg time="2025-11-17T23:44:22.442701" level="INFO">Typing password into text field 'id=password'.</msg>
<msg time="2025-11-17T23:44:23.481614" level="INFO">Temporally setting log level to: NONE</msg>
<arg>id=password</arg>
<arg>${password}</arg>
<doc>Types the given password into the text field identified by ``locator``.</doc>
<status status="PASS" start="2025-11-17T23:44:22.442048" elapsed="1.585101"/>
</kw>
<arg>kalle123</arg>
<status status="PASS" start="2025-11-17T23:44:21.408532" elapsed="2.618939"/>
</kw>
<kw name="Click Button" owner="SeleniumLibrary">
<msg time="2025-11-17T23:44:24.028394" level="INFO">Clicking button 'Login'.</msg>
<arg>Login</arg>
<doc>Clicks the button identified by ``locator``.</doc>
<status status="PASS" start="2025-11-17T23:44:24.027953" elapsed="2.911612"/>
</kw>
<kw name="Login Should Succeed">
<kw name="Main Page Should Be Open" owner="resource">
<kw name="Title Should Be" owner="SeleniumLibrary">
<msg time="2025-11-17T23:44:27.454556" level="INFO">Page title is 'Ohtu Application main page'.</msg>
<arg>Ohtu Application main page</arg>
<doc>Verifies that the current page title equals ``title``.</doc>
<status status="PASS" start="2025-11-17T23:44:26.942090" elapsed="0.512637"/>
</kw>
<status status="PASS" start="2025-11-17T23:44:26.941469" elapsed="0.513384"/>
</kw>
<status status="PASS" start="2025-11-17T23:44:26.940562" elapsed="0.514342"/>
</kw>
<status status="PASS" start="2025-11-17T23:44:16.358772" elapsed="11.096345"/>
</test>
<test id="s1-s2-t2" name="Login With Incorrect Password" line="14">
<kw name="Reset Application Create User And Go To Login Page" type="SETUP">
<kw name="Reset Application" owner="AppLibrary">
<status status="PASS" start="2025-11-17T23:44:27.455884" elapsed="0.003408"/>
</kw>
<kw name="Create User" owner="AppLibrary">
<arg>kalle</arg>
<arg>kalle123</arg>
<status status="PASS" start="2025-11-17T23:44:27.459408" elapsed="0.004518"/>
</kw>
<kw name="Go To Login Page" owner="resource">
<kw name="Go To" owner="SeleniumLibrary">
<msg time="2025-11-17T23:44:27.464362" level="INFO">Opening url 'http://localhost:5001/login'</msg>
<arg>${LOGIN_URL}</arg>
<doc>Navigates the current browser window to the provided ``url``.</doc>
<status status="PASS" start="2025-11-17T23:44:27.464258" elapsed="0.520695"/>
</kw>
<status status="PASS" start="2025-11-17T23:44:27.464071" elapsed="0.521380"/>
</kw>
<status status="PASS" start="2025-11-17T23:44:27.455665" elapsed="0.529978"/>
</kw>
<kw name="Set Username">
<kw name="Wait Until Element Is Visible" owner="SeleniumLibrary">
<arg>id=username</arg>
<arg>10s</arg>
<doc>Waits until the element ``locator`` is visible.</doc>
<status status="PASS" start="2025-11-17T23:44:27.987469" elapsed="1.024576"/>
</kw>
<kw name="Input Text" owner="SeleniumLibrary">
<msg time="2025-11-17T23:44:29.012334" level="INFO">Typing text 'kalle' into text field 'id=username'.</msg>
<arg>id=username</arg>
<arg>${username}</arg>
<doc>Types the given ``text`` into the text field identified by ``locator``.</doc>
<status status="PASS" start="2025-11-17T23:44:29.012175" elapsed="1.568886"/>
</kw>
<arg>kalle</arg>
<status status="PASS" start="2025-11-17T23:44:27.986456" elapsed="2.594799"/>
</kw>
<kw name="Set Password">
<kw name="Wait Until Element Is Visible" owner="SeleniumLibrary">
<arg>id=password</arg>
<arg>10s</arg>
<doc>Waits until the element ``locator`` is visible.</doc>
<status status="PASS" start="2025-11-17T23:44:30.582070" elapsed="1.025806"/>
</kw>
<kw name="Input Password" owner="SeleniumLibrary">
<msg time="2025-11-17T23:44:31.608364" level="INFO">Typing password into text field 'id=password'.</msg>
<msg time="2025-11-17T23:44:32.647300" level="INFO">Temporally setting log level to: NONE</msg>
<arg>id=password</arg>
<arg>${password}</arg>
<doc>Types the given password into the text field identified by ``locator``.</doc>
<status status="PASS" start="2025-11-17T23:44:31.608088" elapsed="1.570482"/>
</kw>
<arg>kalle456</arg>
<status status="PASS" start="2025-11-17T23:44:30.581654" elapsed="2.597339"/>
</kw>
<kw name="Click Button" owner="SeleniumLibrary">
<msg time="2025-11-17T23:44:33.179987" level="INFO">Clicking button 'Login'.</msg>
<arg>Login</arg>
<doc>Clicks the button identified by ``locator``.</doc>
<status status="PASS" start="2025-11-17T23:44:33.179488" elapsed="2.064484"/>
</kw>
<kw name="Login Should Fail With Message">
<kw name="Login Page Should Be Open" owner="resource">
<kw name="Title Should Be" owner="SeleniumLibrary">
<msg time="2025-11-17T23:44:35.754032" level="INFO">Page title is 'Login'.</msg>
<arg>Login</arg>
<doc>Verifies that the current page title equals ``title``.</doc>
<status status="PASS" start="2025-11-17T23:44:35.244858" elapsed="0.509285"/>
</kw>
<status status="PASS" start="2025-11-17T23:44:35.244646" elapsed="0.509595"/>
</kw>
<kw name="Page Should Contain" owner="SeleniumLibrary">
<msg time="2025-11-17T23:44:36.780344" level="INFO">Current page contains text 'Invalid username or password'.</msg>
<arg>${message}</arg>
<doc>Verifies that current page contains ``text``.</doc>
<status status="PASS" start="2025-11-17T23:44:35.754374" elapsed="1.026068"/>
</kw>
<arg>Invalid username or password</arg>
<status status="PASS" start="2025-11-17T23:44:35.244314" elapsed="1.536240"/>
</kw>
<status status="PASS" start="2025-11-17T23:44:27.455342" elapsed="9.325431"/>
</test>
<test id="s1-s2-t3" name="Login With Nonexistent Username" line="20">
<kw name="Reset Application Create User And Go To Login Page" type="SETUP">
<kw name="Reset Application" owner="AppLibrary">
<status status="PASS" start="2025-11-17T23:44:36.781797" elapsed="0.003881"/>
</kw>
<kw name="Create User" owner="AppLibrary">
<arg>kalle</arg>
<arg>kalle123</arg>
<status status="PASS" start="2025-11-17T23:44:36.785788" elapsed="0.005449"/>
</kw>
<kw name="Go To Login Page" owner="resource">
<kw name="Go To" owner="SeleniumLibrary">
<msg time="2025-11-17T23:44:36.791721" level="INFO">Opening url 'http://localhost:5001/login'</msg>
<arg>${LOGIN_URL}</arg>
<doc>Navigates the current browser window to the provided ``url``.</doc>
<status status="PASS" start="2025-11-17T23:44:36.791606" elapsed="0.515141"/>
</kw>
<status status="PASS" start="2025-11-17T23:44:36.791400" elapsed="0.515817"/>
</kw>
<status status="PASS" start="2025-11-17T23:44:36.781511" elapsed="0.525890"/>
</kw>
<kw name="Set Username">
<kw name="Wait Until Element Is Visible" owner="SeleniumLibrary">
<arg>id=username</arg>
<arg>10s</arg>
<doc>Waits until the element ``locator`` is visible.</doc>
<status status="PASS" start="2025-11-17T23:44:37.309240" elapsed="1.027900"/>
</kw>
<kw name="Input Text" owner="SeleniumLibrary">
<msg time="2025-11-17T23:44:38.338756" level="INFO">Typing text 'nonexistentuser' into text field 'id=username'.</msg>
<arg>id=username</arg>
<arg>${username}</arg>
<doc>Types the given ``text`` into the text field identified by ``locator``.</doc>
<status status="PASS" start="2025-11-17T23:44:38.337853" elapsed="1.586872"/>
</kw>
<arg>nonexistentuser</arg>
<status status="PASS" start="2025-11-17T23:44:37.308235" elapsed="2.616640"/>
</kw>
<kw name="Set Password">
<kw name="Wait Until Element Is Visible" owner="SeleniumLibrary">
<arg>id=password</arg>
<arg>10s</arg>
<doc>Waits until the element ``locator`` is visible.</doc>
<status status="PASS" start="2025-11-17T23:44:39.925423" elapsed="1.022090"/>
</kw>
<kw name="Input Password" owner="SeleniumLibrary">
<msg time="2025-11-17T23:44:40.948098" level="INFO">Typing password into text field 'id=password'.</msg>
<msg time="2025-11-17T23:44:41.987139" level="INFO">Temporally setting log level to: NONE</msg>
<arg>id=password</arg>
<arg>${password}</arg>
<doc>Types the given password into the text field identified by ``locator``.</doc>
<status status="PASS" start="2025-11-17T23:44:40.947775" elapsed="1.570763"/>
</kw>
<arg>somepassword</arg>
<status status="PASS" start="2025-11-17T23:44:39.925130" elapsed="2.593706"/>
</kw>
<kw name="Click Button" owner="SeleniumLibrary">
<msg time="2025-11-17T23:44:42.519796" level="INFO">Clicking button 'Login'.</msg>
<arg>Login</arg>
<doc>Clicks the button identified by ``locator``.</doc>
<status status="PASS" start="2025-11-17T23:44:42.519317" elapsed="2.084155"/>
</kw>
<kw name="Login Should Fail With Message">
<kw name="Login Page Should Be Open" owner="resource">
<kw name="Title Should Be" owner="SeleniumLibrary">
<msg time="2025-11-17T23:44:45.117284" level="INFO">Page title is 'Login'.</msg>
<arg>Login</arg>
<doc>Verifies that the current page title equals ``title``.</doc>
<status status="PASS" start="2025-11-17T23:44:44.606144" elapsed="0.511306"/>
</kw>
<status status="PASS" start="2025-11-17T23:44:44.605668" elapsed="0.511923"/>
</kw>
<kw name="Page Should Contain" owner="SeleniumLibrary">
<msg time="2025-11-17T23:44:46.139120" level="INFO">Current page contains text 'Invalid username or password'.</msg>
<arg>${message}</arg>
<doc>Verifies that current page contains ``text``.</doc>
<status status="PASS" start="2025-11-17T23:44:45.117758" elapsed="1.021579"/>
</kw>
<arg>Invalid username or password</arg>
<status status="PASS" start="2025-11-17T23:44:44.604592" elapsed="1.534926"/>
</kw>
<status status="PASS" start="2025-11-17T23:44:36.781064" elapsed="9.358786"/>
</test>
<kw name="Close Browser" owner="SeleniumLibrary" type="TEARDOWN">
<doc>Closes the current browser.</doc>
<status status="PASS" start="2025-11-17T23:44:46.140635" elapsed="0.562789"/>
</kw>
<status status="PASS" start="2025-11-17T23:44:15.650855" elapsed="31.052792"/>
</suite>
<status status="PASS" start="2025-11-17T23:44:05.388488" elapsed="41.316673"/>
</suite>
<statistics>
<total>
<stat pass="5" fail="0" skip="0">All Tests</stat>
</total>
<tag>
</tag>
<suite>
<stat name="Tests" id="s1" pass="5" fail="0" skip="0">Tests</stat>
<stat name="Home" id="s1-s1" pass="2" fail="0" skip="0">Tests.Home</stat>
<stat name="Login" id="s1-s2" pass="3" fail="0" skip="0">Tests.Login</stat>
</suite>
</statistics>
<errors>
</errors>
</robot>
